10:20:15 INFO  : Registering command handlers for SDK TCF services
10:20:16 INFO  : Launching XSCT server: xsct.bat -interactive C:\eclipse_workspace\ATC\temp_xsdb_launch_script.tcl
10:20:18 INFO  : XSCT server has started successfully.
10:20:19 INFO  : Successfully done setting XSCT server connection channel  
10:20:19 INFO  : Successfully done setting SDK workspace  
10:22:11 INFO  : Refreshed build settings on project test_app
10:26:46 INFO  : Connected to target on host '127.0.0.1' and port '3121'.
10:26:48 INFO  : Jtag cable 'Digilent JTAG-HS2 210249AFC9D1' is selected.
10:26:48 INFO  : 'jtag frequency' command is executed.
10:26:48 INFO  : Sourcing of 'C:/Xilinx/SDK/2018.3/scripts/sdk/util/zynqmp_utils.tcl' is done.
10:26:49 INFO  : Context for 'APU' is selected.
10:26:50 INFO  : System reset is completed.
10:26:53 INFO  : 'after 3000' command is executed.
10:26:55 INFO  : 'targets -set -filter {jtag_cable_name =~ "Digilent JTAG-HS2 210249AFC9D1" && level==0} -index 0' command is executed.
10:27:03 INFO  : FPGA configured successfully with bitstream "C:/eclipse_workspace/ATC/ATC_HW/noh_system_BD_wrapper.bit"
10:27:03 INFO  : Context for 'APU' is selected.
10:27:03 INFO  : Hardware design information is loaded from 'C:/eclipse_workspace/ATC/ATC_HW/system.hdf'.
10:27:03 INFO  : 'configparams force-mem-access 1' command is executed.
10:27:03 INFO  : Context for 'APU' is selected.
10:27:03 INFO  : Sourcing of 'C:/eclipse_workspace/ATC/ATC_HW/psu_init.tcl' is done.
10:27:04 INFO  : 'psu_init' command is executed.
10:27:05 INFO  : 'after 1000' command is executed.
10:27:05 INFO  : 'psu_ps_pl_isolation_removal' command is executed.
10:27:06 INFO  : 'after 1000' command is executed.
10:27:06 INFO  : 'psu_ps_pl_reset_config' command is executed.
10:27:06 INFO  : 'catch {psu_protection}' command is executed.
10:27:06 INFO  : Context for processor 'psu_cortexa53_0' is selected.
10:27:06 INFO  : Processor reset is completed for 'psu_cortexa53_0'.
10:27:07 INFO  : The application 'C:/eclipse_workspace/ATC/test_app/Debug/test_app.elf' is downloaded to processor 'psu_cortexa53_0'.
10:27:07 INFO  : 'configparams force-mem-access 0' command is executed.
10:27:07 INFO  : ----------------XSDB Script----------------
connect -url tcp:127.0.0.1:3121
source C:/Xilinx/SDK/2018.3/scripts/sdk/util/zynqmp_utils.tcl
targets -set -nocase -filter {name =~"APU*" && jtag_cable_name =~ "Digilent JTAG-HS2 210249AFC9D1"} -index 1
rst -system
after 3000
targets -set -filter {jtag_cable_name =~ "Digilent JTAG-HS2 210249AFC9D1" && level==0} -index 0
fpga -file C:/eclipse_workspace/ATC/ATC_HW/noh_system_BD_wrapper.bit
targets -set -nocase -filter {name =~"APU*" && jtag_cable_name =~ "Digilent JTAG-HS2 210249AFC9D1"} -index 1
loadhw -hw C:/eclipse_workspace/ATC/ATC_HW/system.hdf -mem-ranges [list {0x80000000 0xbfffffff} {0x400000000 0x5ffffffff} {0x1000000000 0x7fffffffff}]
configparams force-mem-access 1
targets -set -nocase -filter {name =~"APU*" && jtag_cable_name =~ "Digilent JTAG-HS2 210249AFC9D1"} -index 1
source C:/eclipse_workspace/ATC/ATC_HW/psu_init.tcl
psu_init
after 1000
psu_ps_pl_isolation_removal
after 1000
psu_ps_pl_reset_config
catch {psu_protection}
targets -set -nocase -filter {name =~"*A53*0" && jtag_cable_name =~ "Digilent JTAG-HS2 210249AFC9D1"} -index 1
rst -processor
dow C:/eclipse_workspace/ATC/test_app/Debug/test_app.elf
configparams force-mem-access 0
----------------End of Script----------------

10:27:07 INFO  : Context for processor 'psu_cortexa53_0' is selected.
10:27:07 INFO  : 'con' command is executed.
10:27:07 INFO  : ----------------XSDB Script (After Launch)----------------
targets -set -nocase -filter {name =~"*A53*0" && jtag_cable_name =~ "Digilent JTAG-HS2 210249AFC9D1"} -index 1
con
----------------End of Script----------------

10:27:07 INFO  : Disconnected from the channel tcfchan#1.
10:28:06 INFO  : Connected to target on host '127.0.0.1' and port '3121'.
10:28:17 INFO  : Jtag cable 'Digilent JTAG-HS2 210249AFC9D1' is selected.
10:28:17 INFO  : 'jtag frequency' command is executed.
10:28:17 INFO  : Sourcing of 'C:/Xilinx/SDK/2018.3/scripts/sdk/util/zynqmp_utils.tcl' is done.
10:28:19 INFO  : Context for 'APU' is selected.
10:28:20 INFO  : System reset is completed.
10:28:23 INFO  : 'after 3000' command is executed.
10:28:23 INFO  : 'targets -set -filter {jtag_cable_name =~ "Digilent JTAG-HS2 210249AFC9D1" && level==0} -index 0' command is executed.
10:28:29 INFO  : FPGA configured successfully with bitstream "C:/eclipse_workspace/ATC/ATC_HW/noh_system_BD_wrapper.bit"
10:28:29 INFO  : Context for 'APU' is selected.
10:28:30 INFO  : Hardware design information is loaded from 'C:/eclipse_workspace/ATC/ATC_HW/system.hdf'.
10:28:30 INFO  : 'configparams force-mem-access 1' command is executed.
10:28:30 INFO  : Context for 'APU' is selected.
10:28:30 INFO  : Sourcing of 'C:/eclipse_workspace/ATC/ATC_HW/psu_init.tcl' is done.
10:28:31 INFO  : 'psu_init' command is executed.
10:28:32 INFO  : 'after 1000' command is executed.
10:28:32 INFO  : 'psu_ps_pl_isolation_removal' command is executed.
10:28:33 INFO  : 'after 1000' command is executed.
10:28:33 INFO  : 'psu_ps_pl_reset_config' command is executed.
10:28:33 INFO  : 'catch {psu_protection}' command is executed.
10:28:33 INFO  : Context for processor 'psu_cortexa53_0' is selected.
10:28:33 INFO  : Processor reset is completed for 'psu_cortexa53_0'.
10:28:34 INFO  : The application 'C:/eclipse_workspace/ATC/test_app/Debug/test_app.elf' is downloaded to processor 'psu_cortexa53_0'.
10:28:34 INFO  : 'configparams force-mem-access 0' command is executed.
10:28:34 INFO  : ----------------XSDB Script----------------
connect -url tcp:127.0.0.1:3121
source C:/Xilinx/SDK/2018.3/scripts/sdk/util/zynqmp_utils.tcl
targets -set -nocase -filter {name =~"APU*" && jtag_cable_name =~ "Digilent JTAG-HS2 210249AFC9D1"} -index 1
rst -system
after 3000
targets -set -filter {jtag_cable_name =~ "Digilent JTAG-HS2 210249AFC9D1" && level==0} -index 0
fpga -file C:/eclipse_workspace/ATC/ATC_HW/noh_system_BD_wrapper.bit
targets -set -nocase -filter {name =~"APU*" && jtag_cable_name =~ "Digilent JTAG-HS2 210249AFC9D1"} -index 1
loadhw -hw C:/eclipse_workspace/ATC/ATC_HW/system.hdf -mem-ranges [list {0x80000000 0xbfffffff} {0x400000000 0x5ffffffff} {0x1000000000 0x7fffffffff}]
configparams force-mem-access 1
targets -set -nocase -filter {name =~"APU*" && jtag_cable_name =~ "Digilent JTAG-HS2 210249AFC9D1"} -index 1
source C:/eclipse_workspace/ATC/ATC_HW/psu_init.tcl
psu_init
after 1000
psu_ps_pl_isolation_removal
after 1000
psu_ps_pl_reset_config
catch {psu_protection}
targets -set -nocase -filter {name =~"*A53*0" && jtag_cable_name =~ "Digilent JTAG-HS2 210249AFC9D1"} -index 1
rst -processor
dow C:/eclipse_workspace/ATC/test_app/Debug/test_app.elf
configparams force-mem-access 0
----------------End of Script----------------

10:28:34 INFO  : Context for processor 'psu_cortexa53_0' is selected.
10:28:34 INFO  : 'con' command is executed.
10:28:34 INFO  : ----------------XSDB Script (After Launch)----------------
targets -set -nocase -filter {name =~"*A53*0" && jtag_cable_name =~ "Digilent JTAG-HS2 210249AFC9D1"} -index 1
con
----------------End of Script----------------

10:28:34 INFO  : Disconnected from the channel tcfchan#2.
10:35:31 INFO  : Connected to target on host '127.0.0.1' and port '3121'.
10:35:42 INFO  : Jtag cable 'Digilent JTAG-HS2 210249AFC9D1' is selected.
10:35:42 INFO  : 'jtag frequency' command is executed.
10:35:42 INFO  : Sourcing of 'C:/Xilinx/SDK/2018.3/scripts/sdk/util/zynqmp_utils.tcl' is done.
10:35:43 INFO  : Context for 'APU' is selected.
10:35:44 INFO  : System reset is completed.
10:35:47 INFO  : 'after 3000' command is executed.
10:35:47 INFO  : 'targets -set -filter {jtag_cable_name =~ "Digilent JTAG-HS2 210249AFC9D1" && level==0} -index 0' command is executed.
10:35:54 INFO  : FPGA configured successfully with bitstream "C:/eclipse_workspace/ATC/ATC_HW/noh_system_BD_wrapper.bit"
10:35:54 INFO  : Context for 'APU' is selected.
10:35:54 INFO  : Hardware design information is loaded from 'C:/eclipse_workspace/ATC/ATC_HW/system.hdf'.
10:35:54 INFO  : 'configparams force-mem-access 1' command is executed.
10:35:54 INFO  : Context for 'APU' is selected.
10:35:54 INFO  : Sourcing of 'C:/eclipse_workspace/ATC/ATC_HW/psu_init.tcl' is done.
10:35:55 INFO  : 'psu_init' command is executed.
10:35:56 INFO  : 'after 1000' command is executed.
10:35:56 INFO  : 'psu_ps_pl_isolation_removal' command is executed.
10:35:57 INFO  : 'after 1000' command is executed.
10:35:57 INFO  : 'psu_ps_pl_reset_config' command is executed.
10:35:57 INFO  : 'catch {psu_protection}' command is executed.
10:35:57 INFO  : Context for processor 'psu_cortexa53_0' is selected.
10:35:57 INFO  : Processor reset is completed for 'psu_cortexa53_0'.
10:35:58 INFO  : The application 'C:/eclipse_workspace/ATC/test_app/Debug/test_app.elf' is downloaded to processor 'psu_cortexa53_0'.
10:35:58 INFO  : 'configparams force-mem-access 0' command is executed.
10:35:58 INFO  : ----------------XSDB Script----------------
connect -url tcp:127.0.0.1:3121
source C:/Xilinx/SDK/2018.3/scripts/sdk/util/zynqmp_utils.tcl
targets -set -nocase -filter {name =~"APU*" && jtag_cable_name =~ "Digilent JTAG-HS2 210249AFC9D1"} -index 1
rst -system
after 3000
targets -set -filter {jtag_cable_name =~ "Digilent JTAG-HS2 210249AFC9D1" && level==0} -index 0
fpga -file C:/eclipse_workspace/ATC/ATC_HW/noh_system_BD_wrapper.bit
targets -set -nocase -filter {name =~"APU*" && jtag_cable_name =~ "Digilent JTAG-HS2 210249AFC9D1"} -index 1
loadhw -hw C:/eclipse_workspace/ATC/ATC_HW/system.hdf -mem-ranges [list {0x80000000 0xbfffffff} {0x400000000 0x5ffffffff} {0x1000000000 0x7fffffffff}]
configparams force-mem-access 1
targets -set -nocase -filter {name =~"APU*" && jtag_cable_name =~ "Digilent JTAG-HS2 210249AFC9D1"} -index 1
source C:/eclipse_workspace/ATC/ATC_HW/psu_init.tcl
psu_init
after 1000
psu_ps_pl_isolation_removal
after 1000
psu_ps_pl_reset_config
catch {psu_protection}
targets -set -nocase -filter {name =~"*A53*0" && jtag_cable_name =~ "Digilent JTAG-HS2 210249AFC9D1"} -index 1
rst -processor
dow C:/eclipse_workspace/ATC/test_app/Debug/test_app.elf
configparams force-mem-access 0
----------------End of Script----------------

10:35:58 INFO  : Context for processor 'psu_cortexa53_0' is selected.
10:35:58 INFO  : 'con' command is executed.
10:35:58 INFO  : ----------------XSDB Script (After Launch)----------------
targets -set -nocase -filter {name =~"*A53*0" && jtag_cable_name =~ "Digilent JTAG-HS2 210249AFC9D1"} -index 1
con
----------------End of Script----------------

10:35:58 INFO  : Disconnected from the channel tcfchan#3.
11:07:34 INFO  : Connected to target on host '127.0.0.1' and port '3121'.
11:07:44 INFO  : Jtag cable 'Digilent JTAG-HS2 210249AFC9D1' is selected.
11:07:44 INFO  : 'jtag frequency' command is executed.
11:07:44 INFO  : Sourcing of 'C:/Xilinx/SDK/2018.3/scripts/sdk/util/zynqmp_utils.tcl' is done.
11:07:46 INFO  : Context for 'APU' is selected.
11:07:47 INFO  : System reset is completed.
11:07:50 INFO  : 'after 3000' command is executed.
11:07:50 INFO  : 'targets -set -filter {jtag_cable_name =~ "Digilent JTAG-HS2 210249AFC9D1" && level==0} -index 0' command is executed.
11:07:56 INFO  : FPGA configured successfully with bitstream "C:/eclipse_workspace/ATC/ATC_HW/noh_system_BD_wrapper.bit"
11:07:56 INFO  : Context for 'APU' is selected.
11:07:57 INFO  : Hardware design information is loaded from 'C:/eclipse_workspace/ATC/ATC_HW/system.hdf'.
11:07:57 INFO  : 'configparams force-mem-access 1' command is executed.
11:07:57 INFO  : Context for 'APU' is selected.
11:07:57 INFO  : Sourcing of 'C:/eclipse_workspace/ATC/ATC_HW/psu_init.tcl' is done.
11:07:58 INFO  : 'psu_init' command is executed.
11:07:59 INFO  : 'after 1000' command is executed.
11:07:59 INFO  : 'psu_ps_pl_isolation_removal' command is executed.
11:08:00 INFO  : 'after 1000' command is executed.
11:08:00 INFO  : 'psu_ps_pl_reset_config' command is executed.
11:08:00 INFO  : 'catch {psu_protection}' command is executed.
11:08:00 INFO  : Context for processor 'psu_cortexa53_0' is selected.
11:08:00 INFO  : Processor reset is completed for 'psu_cortexa53_0'.
11:08:01 INFO  : The application 'C:/eclipse_workspace/ATC/test_app/Debug/test_app.elf' is downloaded to processor 'psu_cortexa53_0'.
11:08:01 INFO  : 'configparams force-mem-access 0' command is executed.
11:08:01 INFO  : ----------------XSDB Script----------------
connect -url tcp:127.0.0.1:3121
source C:/Xilinx/SDK/2018.3/scripts/sdk/util/zynqmp_utils.tcl
targets -set -nocase -filter {name =~"APU*" && jtag_cable_name =~ "Digilent JTAG-HS2 210249AFC9D1"} -index 1
rst -system
after 3000
targets -set -filter {jtag_cable_name =~ "Digilent JTAG-HS2 210249AFC9D1" && level==0} -index 0
fpga -file C:/eclipse_workspace/ATC/ATC_HW/noh_system_BD_wrapper.bit
targets -set -nocase -filter {name =~"APU*" && jtag_cable_name =~ "Digilent JTAG-HS2 210249AFC9D1"} -index 1
loadhw -hw C:/eclipse_workspace/ATC/ATC_HW/system.hdf -mem-ranges [list {0x80000000 0xbfffffff} {0x400000000 0x5ffffffff} {0x1000000000 0x7fffffffff}]
configparams force-mem-access 1
targets -set -nocase -filter {name =~"APU*" && jtag_cable_name =~ "Digilent JTAG-HS2 210249AFC9D1"} -index 1
source C:/eclipse_workspace/ATC/ATC_HW/psu_init.tcl
psu_init
after 1000
psu_ps_pl_isolation_removal
after 1000
psu_ps_pl_reset_config
catch {psu_protection}
targets -set -nocase -filter {name =~"*A53*0" && jtag_cable_name =~ "Digilent JTAG-HS2 210249AFC9D1"} -index 1
rst -processor
dow C:/eclipse_workspace/ATC/test_app/Debug/test_app.elf
configparams force-mem-access 0
----------------End of Script----------------

11:08:01 INFO  : Context for processor 'psu_cortexa53_0' is selected.
11:08:01 INFO  : 'con' command is executed.
11:08:01 INFO  : ----------------XSDB Script (After Launch)----------------
targets -set -nocase -filter {name =~"*A53*0" && jtag_cable_name =~ "Digilent JTAG-HS2 210249AFC9D1"} -index 1
con
----------------End of Script----------------

11:08:01 INFO  : Disconnected from the channel tcfchan#4.
11:41:39 INFO  : Connected to target on host '127.0.0.1' and port '3121'.
11:41:49 INFO  : Jtag cable 'Digilent JTAG-HS2 210249AFC9D1' is selected.
11:41:49 INFO  : 'jtag frequency' command is executed.
11:41:49 INFO  : Sourcing of 'C:/Xilinx/SDK/2018.3/scripts/sdk/util/zynqmp_utils.tcl' is done.
11:41:50 INFO  : Context for 'APU' is selected.
11:41:51 INFO  : System reset is completed.
11:41:54 INFO  : 'after 3000' command is executed.
11:41:55 INFO  : 'targets -set -filter {jtag_cable_name =~ "Digilent JTAG-HS2 210249AFC9D1" && level==0} -index 0' command is executed.
11:42:01 INFO  : FPGA configured successfully with bitstream "C:/eclipse_workspace/ATC/ATC_HW/noh_system_BD_wrapper.bit"
11:42:01 INFO  : Context for 'APU' is selected.
11:42:02 INFO  : Hardware design information is loaded from 'C:/eclipse_workspace/ATC/ATC_HW/system.hdf'.
11:42:02 INFO  : 'configparams force-mem-access 1' command is executed.
11:42:02 INFO  : Context for 'APU' is selected.
11:42:02 INFO  : Sourcing of 'C:/eclipse_workspace/ATC/ATC_HW/psu_init.tcl' is done.
11:42:02 INFO  : 'psu_init' command is executed.
11:42:03 INFO  : 'after 1000' command is executed.
11:42:03 INFO  : 'psu_ps_pl_isolation_removal' command is executed.
11:42:04 INFO  : 'after 1000' command is executed.
11:42:04 INFO  : 'psu_ps_pl_reset_config' command is executed.
11:42:04 INFO  : 'catch {psu_protection}' command is executed.
11:42:04 INFO  : Context for processor 'psu_cortexa53_0' is selected.
11:42:05 INFO  : Processor reset is completed for 'psu_cortexa53_0'.
11:42:05 INFO  : The application 'C:/eclipse_workspace/ATC/test_app/Debug/test_app.elf' is downloaded to processor 'psu_cortexa53_0'.
11:42:05 INFO  : 'configparams force-mem-access 0' command is executed.
11:42:05 INFO  : ----------------XSDB Script----------------
connect -url tcp:127.0.0.1:3121
source C:/Xilinx/SDK/2018.3/scripts/sdk/util/zynqmp_utils.tcl
targets -set -nocase -filter {name =~"APU*" && jtag_cable_name =~ "Digilent JTAG-HS2 210249AFC9D1"} -index 1
rst -system
after 3000
targets -set -filter {jtag_cable_name =~ "Digilent JTAG-HS2 210249AFC9D1" && level==0} -index 0
fpga -file C:/eclipse_workspace/ATC/ATC_HW/noh_system_BD_wrapper.bit
targets -set -nocase -filter {name =~"APU*" && jtag_cable_name =~ "Digilent JTAG-HS2 210249AFC9D1"} -index 1
loadhw -hw C:/eclipse_workspace/ATC/ATC_HW/system.hdf -mem-ranges [list {0x80000000 0xbfffffff} {0x400000000 0x5ffffffff} {0x1000000000 0x7fffffffff}]
configparams force-mem-access 1
targets -set -nocase -filter {name =~"APU*" && jtag_cable_name =~ "Digilent JTAG-HS2 210249AFC9D1"} -index 1
source C:/eclipse_workspace/ATC/ATC_HW/psu_init.tcl
psu_init
after 1000
psu_ps_pl_isolation_removal
after 1000
psu_ps_pl_reset_config
catch {psu_protection}
targets -set -nocase -filter {name =~"*A53*0" && jtag_cable_name =~ "Digilent JTAG-HS2 210249AFC9D1"} -index 1
rst -processor
dow C:/eclipse_workspace/ATC/test_app/Debug/test_app.elf
configparams force-mem-access 0
----------------End of Script----------------

11:42:05 INFO  : Context for processor 'psu_cortexa53_0' is selected.
11:42:05 INFO  : 'con' command is executed.
11:42:05 INFO  : ----------------XSDB Script (After Launch)----------------
targets -set -nocase -filter {name =~"*A53*0" && jtag_cable_name =~ "Digilent JTAG-HS2 210249AFC9D1"} -index 1
con
----------------End of Script----------------

11:42:05 INFO  : Disconnected from the channel tcfchan#5.
11:52:41 INFO  : Registering command handlers for SDK TCF services
11:52:41 INFO  : Launching XSCT server: xsct.bat -interactive C:\eclipse_workspace\ATC\temp_xsdb_launch_script.tcl
11:52:45 INFO  : XSCT server has started successfully.
11:52:45 INFO  : Successfully done setting XSCT server connection channel  
11:52:45 INFO  : Successfully done setting SDK workspace  
12:58:37 INFO  : Registering command handlers for SDK TCF services
12:58:38 INFO  : Launching XSCT server: xsct.bat -interactive C:\eclipse_workspace\ATC\temp_xsdb_launch_script.tcl
12:58:41 INFO  : XSCT server has started successfully.
12:58:41 INFO  : Successfully done setting XSCT server connection channel  
12:58:42 INFO  : Successfully done setting SDK workspace  
13:00:36 INFO  : Registering command handlers for SDK TCF services
13:00:36 INFO  : Launching XSCT server: xsct.bat -interactive C:\eclipse_workspace\ATC\temp_xsdb_launch_script.tcl
13:00:39 INFO  : XSCT server has started successfully.
13:00:40 INFO  : Successfully done setting XSCT server connection channel  
13:00:40 INFO  : Successfully done setting SDK workspace  
13:04:45 ERROR : Failed to connect to hardware server on host '127.0.0.1' and port '3121'.
Reason: 'connect -url tcp:127.0.0.1:3121' is cancelled.
13:04:45 INFO  : ----------------XSDB Script----------------
connect -url tcp:127.0.0.1:3121
----------------End of Script----------------

13:04:45 INFO  : Issued abort command to xsdb.
13:06:54 INFO  : Connected to target on host '127.0.0.1' and port '3121'.
13:11:28 INFO  : Connected to target on host '127.0.0.1' and port '3121'.
13:11:28 INFO  : Jtag cable 'Digilent JTAG-HS2 210249AFC9D1' is selected.
13:11:28 INFO  : 'jtag frequency' command is executed.
13:11:28 INFO  : Sourcing of 'C:/Xilinx/SDK/2018.3/scripts/sdk/util/zynqmp_utils.tcl' is done.
13:11:28 INFO  : Context for 'APU' is selected.
13:11:29 INFO  : System reset is completed.
13:11:33 INFO  : 'after 3000' command is executed.
13:11:33 INFO  : 'targets -set -filter {jtag_cable_name =~ "Digilent JTAG-HS2 210249AFC9D1" && level==0} -index 0' command is executed.
13:11:39 INFO  : FPGA configured successfully with bitstream "C:/eclipse_workspace/ATC/ATC_HW/noh_system_BD_wrapper.bit"
13:11:39 INFO  : Context for 'APU' is selected.
13:11:40 INFO  : Hardware design information is loaded from 'C:/eclipse_workspace/ATC/ATC_HW/system.hdf'.
13:11:40 INFO  : 'configparams force-mem-access 1' command is executed.
13:11:40 INFO  : Context for 'APU' is selected.
13:11:40 INFO  : Sourcing of 'C:/eclipse_workspace/ATC/ATC_HW/psu_init.tcl' is done.
13:11:40 INFO  : 'psu_init' command is executed.
13:11:41 INFO  : 'after 1000' command is executed.
13:11:41 INFO  : 'psu_ps_pl_isolation_removal' command is executed.
13:11:42 INFO  : 'after 1000' command is executed.
13:11:42 INFO  : 'psu_ps_pl_reset_config' command is executed.
13:11:42 INFO  : 'catch {psu_protection}' command is executed.
13:11:42 INFO  : 'configparams force-mem-access 0' command is executed.
13:11:42 INFO  : ----------------XSDB Script----------------
connect -url tcp:127.0.0.1:3121
source C:/Xilinx/SDK/2018.3/scripts/sdk/util/zynqmp_utils.tcl
targets -set -nocase -filter {name =~"APU*" && jtag_cable_name =~ "Digilent JTAG-HS2 210249AFC9D1"} -index 1
rst -system
after 3000
targets -set -filter {jtag_cable_name =~ "Digilent JTAG-HS2 210249AFC9D1" && level==0} -index 0
fpga -file C:/eclipse_workspace/ATC/ATC_HW/noh_system_BD_wrapper.bit
targets -set -nocase -filter {name =~"APU*" && jtag_cable_name =~ "Digilent JTAG-HS2 210249AFC9D1"} -index 1
loadhw -hw C:/eclipse_workspace/ATC/ATC_HW/system.hdf -mem-ranges [list {0x80000000 0xbfffffff} {0x400000000 0x5ffffffff} {0x1000000000 0x7fffffffff}]
configparams force-mem-access 1
targets -set -nocase -filter {name =~"APU*" && jtag_cable_name =~ "Digilent JTAG-HS2 210249AFC9D1"} -index 1
source C:/eclipse_workspace/ATC/ATC_HW/psu_init.tcl
psu_init
after 1000
psu_ps_pl_isolation_removal
after 1000
psu_ps_pl_reset_config
catch {psu_protection}
configparams force-mem-access 0
----------------End of Script----------------

13:11:43 INFO  : Disconnected from the channel tcfchan#1.
13:41:39 INFO  : Project 'atc_hw' created. You can now create BSPs and application projects targeting this hardware platform.
13:57:02 INFO  : Connected to target on host '127.0.0.1' and port '3121'.
13:57:05 INFO  : Jtag cable 'Digilent JTAG-HS2 210249AFC9D1' is selected.
13:57:05 INFO  : 'jtag frequency' command is executed.
13:57:05 INFO  : Sourcing of 'C:/Xilinx/SDK/2018.3/scripts/sdk/util/zynqmp_utils.tcl' is done.
13:57:06 INFO  : Context for 'APU' is selected.
13:57:06 INFO  : Hardware design information is loaded from 'C:/eclipse_workspace/ATC/atc_hw/system.hdf'.
13:57:06 INFO  : 'configparams force-mem-access 1' command is executed.
13:57:08 INFO  : Context for 'APU' is selected.
13:57:08 INFO  : Sourcing of 'C:/eclipse_workspace/ATC/atc_hw/psu_init.tcl' is done.
13:57:08 INFO  : 'psu_init' command is executed.
13:57:09 INFO  : 'after 1000' command is executed.
13:57:09 INFO  : 'psu_ps_pl_isolation_removal' command is executed.
13:57:10 INFO  : 'after 1000' command is executed.
13:57:11 INFO  : 'psu_ps_pl_reset_config' command is executed.
13:57:11 INFO  : 'catch {psu_protection}' command is executed.
13:57:12 INFO  : Context for processor 'psu_cortexa53_0' is selected.
13:57:12 INFO  : Processor reset is completed for 'psu_cortexa53_0'.
13:57:13 INFO  : The application 'C:/eclipse_workspace/ATC/test_app/Debug/test_app.elf' is downloaded to processor 'psu_cortexa53_0'.
13:57:13 INFO  : 'configparams force-mem-access 0' command is executed.
13:57:13 INFO  : ----------------XSDB Script----------------
connect -url tcp:127.0.0.1:3121
source C:/Xilinx/SDK/2018.3/scripts/sdk/util/zynqmp_utils.tcl
targets -set -nocase -filter {name =~"APU*" && jtag_cable_name =~ "Digilent JTAG-HS2 210249AFC9D1"} -index 1
loadhw -hw C:/eclipse_workspace/ATC/atc_hw/system.hdf -mem-ranges [list {0x80000000 0xbfffffff} {0x400000000 0x5ffffffff} {0x1000000000 0x7fffffffff}]
configparams force-mem-access 1
targets -set -nocase -filter {name =~"APU*" && jtag_cable_name =~ "Digilent JTAG-HS2 210249AFC9D1"} -index 1
source C:/eclipse_workspace/ATC/atc_hw/psu_init.tcl
psu_init
after 1000
psu_ps_pl_isolation_removal
after 1000
psu_ps_pl_reset_config
catch {psu_protection}
targets -set -nocase -filter {name =~"*A53*0" && jtag_cable_name =~ "Digilent JTAG-HS2 210249AFC9D1"} -index 1
rst -processor
dow C:/eclipse_workspace/ATC/test_app/Debug/test_app.elf
configparams force-mem-access 0
----------------End of Script----------------

13:57:14 INFO  : Context for processor 'psu_cortexa53_0' is selected.
13:57:14 INFO  : 'con' command is executed.
13:57:14 INFO  : ----------------XSDB Script (After Launch)----------------
targets -set -nocase -filter {name =~"*A53*0" && jtag_cable_name =~ "Digilent JTAG-HS2 210249AFC9D1"} -index 1
con
----------------End of Script----------------

13:57:14 INFO  : Disconnected from the channel tcfchan#2.
14:00:06 INFO  : Connected to target on host '127.0.0.1' and port '3121'.
14:00:16 INFO  : Jtag cable 'Digilent JTAG-HS2 210249AFC9D1' is selected.
14:00:16 INFO  : 'jtag frequency' command is executed.
14:00:16 INFO  : Sourcing of 'C:/Xilinx/SDK/2018.3/scripts/sdk/util/zynqmp_utils.tcl' is done.
14:00:18 INFO  : Context for 'APU' is selected.
14:00:18 INFO  : Hardware design information is loaded from 'C:/eclipse_workspace/ATC/atc_hw/system.hdf'.
14:00:18 INFO  : 'configparams force-mem-access 1' command is executed.
14:00:18 INFO  : Context for 'APU' is selected.
14:00:18 INFO  : Sourcing of 'C:/eclipse_workspace/ATC/atc_hw/psu_init.tcl' is done.
14:00:19 INFO  : 'psu_init' command is executed.
14:00:20 INFO  : 'after 1000' command is executed.
14:00:20 INFO  : 'psu_ps_pl_isolation_removal' command is executed.
14:00:21 INFO  : 'after 1000' command is executed.
14:00:21 INFO  : 'psu_ps_pl_reset_config' command is executed.
14:00:21 INFO  : 'catch {psu_protection}' command is executed.
14:00:21 INFO  : Context for processor 'psu_cortexa53_0' is selected.
14:00:21 INFO  : Processor reset is completed for 'psu_cortexa53_0'.
14:00:22 ERROR : Memory write error at 0x0. Cannot read sctlr_el3. Cannot read r0. Instruction transfer timeout
14:00:22 INFO  : ----------------XSDB Script----------------
connect -url tcp:127.0.0.1:3121
source C:/Xilinx/SDK/2018.3/scripts/sdk/util/zynqmp_utils.tcl
targets -set -nocase -filter {name =~"APU*" && jtag_cable_name =~ "Digilent JTAG-HS2 210249AFC9D1"} -index 1
loadhw -hw C:/eclipse_workspace/ATC/atc_hw/system.hdf -mem-ranges [list {0x80000000 0xbfffffff} {0x400000000 0x5ffffffff} {0x1000000000 0x7fffffffff}]
configparams force-mem-access 1
targets -set -nocase -filter {name =~"APU*" && jtag_cable_name =~ "Digilent JTAG-HS2 210249AFC9D1"} -index 1
source C:/eclipse_workspace/ATC/atc_hw/psu_init.tcl
psu_init
after 1000
psu_ps_pl_isolation_removal
after 1000
psu_ps_pl_reset_config
catch {psu_protection}
targets -set -nocase -filter {name =~"*A53*0" && jtag_cable_name =~ "Digilent JTAG-HS2 210249AFC9D1"} -index 1
rst -processor
dow C:/eclipse_workspace/ATC/test_app/Debug/test_app.elf
----------------End of Script----------------

14:02:40 INFO  : Connected to target on host '127.0.0.1' and port '3121'.
14:02:40 INFO  : Jtag cable 'Digilent JTAG-HS2 210249AFC9D1' is selected.
14:02:40 INFO  : 'jtag frequency' command is executed.
14:02:40 INFO  : Sourcing of 'C:/Xilinx/SDK/2018.3/scripts/sdk/util/zynqmp_utils.tcl' is done.
14:02:41 INFO  : Context for 'APU' is selected.
14:02:41 INFO  : Hardware design information is loaded from 'C:/eclipse_workspace/ATC/atc_hw/system.hdf'.
14:02:41 INFO  : 'configparams force-mem-access 1' command is executed.
14:02:41 INFO  : Context for 'APU' is selected.
14:02:41 INFO  : Sourcing of 'C:/eclipse_workspace/ATC/atc_hw/psu_init.tcl' is done.
14:02:42 ERROR : Memory read error at 0xFFCA5000. Cannot read sctlr_el3. Cannot read r0. Instruction transfer timeout
14:02:42 INFO  : ----------------XSDB Script----------------
connect -url tcp:127.0.0.1:3121
source C:/Xilinx/SDK/2018.3/scripts/sdk/util/zynqmp_utils.tcl
targets -set -nocase -filter {name =~"APU*" && jtag_cable_name =~ "Digilent JTAG-HS2 210249AFC9D1"} -index 1
loadhw -hw C:/eclipse_workspace/ATC/atc_hw/system.hdf -mem-ranges [list {0x80000000 0xbfffffff} {0x400000000 0x5ffffffff} {0x1000000000 0x7fffffffff}]
configparams force-mem-access 1
targets -set -nocase -filter {name =~"APU*" && jtag_cable_name =~ "Digilent JTAG-HS2 210249AFC9D1"} -index 1
source C:/eclipse_workspace/ATC/atc_hw/psu_init.tcl
psu_init
----------------End of Script----------------

14:03:06 INFO  : Connected to target on host '127.0.0.1' and port '3121'.
14:03:06 INFO  : 'targets -set -filter {jtag_cable_name =~ "Digilent JTAG-HS2 210249AFC9D1" && level==0} -index 0' command is executed.
14:03:14 ERROR : fpga configuration failed. DONE PIN is not HIGH
14:03:41 INFO  : Connected to target on host '127.0.0.1' and port '3121'.
14:03:41 INFO  : 'targets -set -filter {jtag_cable_name =~ "Digilent JTAG-HS2 210249AFC9D1" && level==0} -index 0' command is executed.
14:03:49 ERROR : fpga configuration failed. DONE PIN is not HIGH
14:04:07 INFO  : Connected to target on host '127.0.0.1' and port '3121'.
14:04:07 INFO  : Jtag cable 'Digilent JTAG-HS2 210249AFC9D1' is selected.
14:04:07 INFO  : 'jtag frequency' command is executed.
14:04:07 INFO  : Sourcing of 'C:/Xilinx/SDK/2018.3/scripts/sdk/util/zynqmp_utils.tcl' is done.
14:04:07 INFO  : Context for 'APU' is selected.
14:04:07 INFO  : Hardware design information is loaded from 'C:/eclipse_workspace/ATC/atc_hw/system.hdf'.
14:04:07 INFO  : 'configparams force-mem-access 1' command is executed.
14:04:07 INFO  : Context for 'APU' is selected.
14:04:07 INFO  : Sourcing of 'C:/eclipse_workspace/ATC/atc_hw/psu_init.tcl' is done.
14:04:08 ERROR : Memory read error at 0xFFCA5000. Cannot read sctlr_el3. Cannot read r0. Instruction transfer timeout
14:04:08 INFO  : ----------------XSDB Script----------------
connect -url tcp:127.0.0.1:3121
source C:/Xilinx/SDK/2018.3/scripts/sdk/util/zynqmp_utils.tcl
targets -set -nocase -filter {name =~"APU*" && jtag_cable_name =~ "Digilent JTAG-HS2 210249AFC9D1"} -index 1
loadhw -hw C:/eclipse_workspace/ATC/atc_hw/system.hdf -mem-ranges [list {0x80000000 0xbfffffff} {0x400000000 0x5ffffffff} {0x1000000000 0x7fffffffff}]
configparams force-mem-access 1
targets -set -nocase -filter {name =~"APU*" && jtag_cable_name =~ "Digilent JTAG-HS2 210249AFC9D1"} -index 1
source C:/eclipse_workspace/ATC/atc_hw/psu_init.tcl
psu_init
----------------End of Script----------------

14:04:14 INFO  : Connected to target on host '127.0.0.1' and port '3121'.
14:04:23 INFO  : Connected to target on host '127.0.0.1' and port '3121'.
14:04:27 INFO  : Connected to target on host '127.0.0.1' and port '3121'.
14:04:27 INFO  : 'targets -set -filter {jtag_cable_name =~ "Digilent JTAG-HS2 210249AFC9D1" && level==0} -index 0' command is executed.
14:04:35 ERROR : fpga configuration failed. DONE PIN is not HIGH
14:05:34 INFO  : Connected to target on host '127.0.0.1' and port '3121'.
14:05:34 INFO  : 'targets -set -filter {jtag_cable_name =~ "Digilent JTAG-HS2 210249AFC9D1" && level==0} -index 0' command is executed.
14:05:42 ERROR : fpga configuration failed. DONE PIN is not HIGH
14:06:33 INFO  : Connected to target on host '127.0.0.1' and port '3121'.
14:06:33 INFO  : 'targets -set -filter {jtag_cable_name =~ "Digilent JTAG-HS2 210249AFC9D1" && level==0} -index 0' command is executed.
14:06:41 ERROR : fpga configuration failed. DONE PIN is not HIGH
14:07:07 INFO  : Registering command handlers for SDK TCF services
14:07:08 INFO  : Launching XSCT server: xsct.bat -interactive C:\eclipse_workspace\ATC\temp_xsdb_launch_script.tcl
14:07:11 INFO  : XSCT server has started successfully.
14:07:12 INFO  : Successfully done setting XSCT server connection channel  
14:07:12 INFO  : Successfully done setting SDK workspace  
14:07:27 INFO  : Connected to target on host '127.0.0.1' and port '3121'.
14:07:34 INFO  : 'targets -set -filter {jtag_cable_name =~ "Digilent JTAG-HS2 210249AFC9D1" && level==0} -index 0' command is executed.
14:07:45 ERROR : fpga configuration failed. DONE PIN is not HIGH
14:11:16 INFO  : Connected to target on host '127.0.0.1' and port '3121'.
14:11:17 INFO  : Jtag cable 'Digilent JTAG-HS2 210249AFC9D1' is selected.
14:11:17 INFO  : 'jtag frequency' command is executed.
14:11:17 INFO  : Sourcing of 'C:/Xilinx/SDK/2018.3/scripts/sdk/util/zynqmp_utils.tcl' is done.
14:11:17 INFO  : Context for 'APU' is selected.
14:11:17 INFO  : Hardware design information is loaded from 'C:/eclipse_workspace/ATC/atc_hw/system.hdf'.
14:11:17 INFO  : 'configparams force-mem-access 1' command is executed.
14:11:17 INFO  : Context for 'APU' is selected.
14:11:17 INFO  : Sourcing of 'C:/eclipse_workspace/ATC/atc_hw/psu_init.tcl' is done.
14:11:18 ERROR : Memory read error at 0xFFCA5000. Cannot read sctlr_el3. Cannot read r0. Instruction transfer timeout
14:11:18 INFO  : ----------------XSDB Script----------------
connect -url tcp:127.0.0.1:3121
source C:/Xilinx/SDK/2018.3/scripts/sdk/util/zynqmp_utils.tcl
targets -set -nocase -filter {name =~"APU*" && jtag_cable_name =~ "Digilent JTAG-HS2 210249AFC9D1"} -index 1
loadhw -hw C:/eclipse_workspace/ATC/atc_hw/system.hdf -mem-ranges [list {0x80000000 0xbfffffff} {0x400000000 0x5ffffffff} {0x1000000000 0x7fffffffff}]
configparams force-mem-access 1
targets -set -nocase -filter {name =~"APU*" && jtag_cable_name =~ "Digilent JTAG-HS2 210249AFC9D1"} -index 1
source C:/eclipse_workspace/ATC/atc_hw/psu_init.tcl
psu_init
----------------End of Script----------------

14:11:36 INFO  : Connected to target on host '127.0.0.1' and port '3121'.
14:11:37 INFO  : Jtag cable 'Digilent JTAG-HS2 210249AFC9D1' is selected.
14:11:37 INFO  : 'jtag frequency' command is executed.
14:11:37 INFO  : Sourcing of 'C:/Xilinx/SDK/2018.3/scripts/sdk/util/zynqmp_utils.tcl' is done.
14:11:37 INFO  : Context for 'APU' is selected.
14:11:37 INFO  : Hardware design information is loaded from 'C:/eclipse_workspace/ATC/atc_hw/system.hdf'.
14:11:37 INFO  : 'configparams force-mem-access 1' command is executed.
14:11:37 INFO  : Context for 'APU' is selected.
14:11:37 INFO  : Sourcing of 'C:/eclipse_workspace/ATC/atc_hw/psu_init.tcl' is done.
14:11:38 ERROR : Memory read error at 0xFFCA5000. Cannot read sctlr_el3. Cannot read r0. Instruction transfer timeout
14:11:38 INFO  : ----------------XSDB Script----------------
connect -url tcp:127.0.0.1:3121
source C:/Xilinx/SDK/2018.3/scripts/sdk/util/zynqmp_utils.tcl
targets -set -nocase -filter {name =~"APU*" && jtag_cable_name =~ "Digilent JTAG-HS2 210249AFC9D1"} -index 1
loadhw -hw C:/eclipse_workspace/ATC/atc_hw/system.hdf -mem-ranges [list {0x80000000 0xbfffffff} {0x400000000 0x5ffffffff} {0x1000000000 0x7fffffffff}]
configparams force-mem-access 1
targets -set -nocase -filter {name =~"APU*" && jtag_cable_name =~ "Digilent JTAG-HS2 210249AFC9D1"} -index 1
source C:/eclipse_workspace/ATC/atc_hw/psu_init.tcl
psu_init
----------------End of Script----------------

14:11:48 INFO  : Connected to target on host '127.0.0.1' and port '3121'.
14:11:48 INFO  : Jtag cable 'Digilent JTAG-HS2 210249AFC9D1' is selected.
14:11:48 INFO  : 'jtag frequency' command is executed.
14:11:48 INFO  : Sourcing of 'C:/Xilinx/SDK/2018.3/scripts/sdk/util/zynqmp_utils.tcl' is done.
14:11:48 INFO  : Context for 'APU' is selected.
14:11:48 INFO  : Hardware design information is loaded from 'C:/eclipse_workspace/ATC/atc_hw/system.hdf'.
14:11:48 INFO  : 'configparams force-mem-access 1' command is executed.
14:11:48 INFO  : Context for 'APU' is selected.
14:11:48 INFO  : Sourcing of 'C:/eclipse_workspace/ATC/atc_hw/psu_init.tcl' is done.
14:11:49 ERROR : Memory read error at 0xFFCA5000. Cannot read sctlr_el3. Cannot read r0. Instruction transfer timeout
14:11:49 INFO  : ----------------XSDB Script----------------
connect -url tcp:127.0.0.1:3121
source C:/Xilinx/SDK/2018.3/scripts/sdk/util/zynqmp_utils.tcl
targets -set -nocase -filter {name =~"APU*" && jtag_cable_name =~ "Digilent JTAG-HS2 210249AFC9D1"} -index 1
loadhw -hw C:/eclipse_workspace/ATC/atc_hw/system.hdf -mem-ranges [list {0x80000000 0xbfffffff} {0x400000000 0x5ffffffff} {0x1000000000 0x7fffffffff}]
configparams force-mem-access 1
targets -set -nocase -filter {name =~"APU*" && jtag_cable_name =~ "Digilent JTAG-HS2 210249AFC9D1"} -index 1
source C:/eclipse_workspace/ATC/atc_hw/psu_init.tcl
psu_init
----------------End of Script----------------

14:12:28 INFO  : Connected to target on host '127.0.0.1' and port '3121'.
14:12:28 INFO  : Jtag cable 'Digilent JTAG-HS2 210249AFC9D1' is selected.
14:12:28 INFO  : 'jtag frequency' command is executed.
14:12:28 INFO  : Sourcing of 'C:/Xilinx/SDK/2018.3/scripts/sdk/util/zynqmp_utils.tcl' is done.
14:12:28 INFO  : Context for 'APU' is selected.
14:12:28 INFO  : Hardware design information is loaded from 'C:/eclipse_workspace/ATC/atc_hw/system.hdf'.
14:12:28 INFO  : 'configparams force-mem-access 1' command is executed.
14:12:28 INFO  : Context for 'APU' is selected.
14:12:28 INFO  : Sourcing of 'C:/eclipse_workspace/ATC/atc_hw/psu_init.tcl' is done.
14:12:29 ERROR : Memory read error at 0xFFCA5000. Cannot read sctlr_el3. Cannot read r0. Instruction transfer timeout
14:12:29 INFO  : ----------------XSDB Script----------------
connect -url tcp:127.0.0.1:3121
source C:/Xilinx/SDK/2018.3/scripts/sdk/util/zynqmp_utils.tcl
targets -set -nocase -filter {name =~"APU*" && jtag_cable_name =~ "Digilent JTAG-HS2 210249AFC9D1"} -index 1
loadhw -hw C:/eclipse_workspace/ATC/atc_hw/system.hdf -mem-ranges [list {0x80000000 0xbfffffff} {0x400000000 0x5ffffffff} {0x1000000000 0x7fffffffff}]
configparams force-mem-access 1
targets -set -nocase -filter {name =~"APU*" && jtag_cable_name =~ "Digilent JTAG-HS2 210249AFC9D1"} -index 1
source C:/eclipse_workspace/ATC/atc_hw/psu_init.tcl
psu_init
----------------End of Script----------------

14:14:01 INFO  : Connected to target on host '127.0.0.1' and port '3121'.
14:14:01 INFO  : Jtag cable 'Digilent JTAG-HS2 210249AFC9D1' is selected.
14:14:01 INFO  : 'jtag frequency' command is executed.
14:14:01 INFO  : Sourcing of 'C:/Xilinx/SDK/2018.3/scripts/sdk/util/zynqmp_utils.tcl' is done.
14:14:01 INFO  : Context for 'APU' is selected.
14:14:01 INFO  : Hardware design information is loaded from 'C:/eclipse_workspace/ATC/atc_hw/system.hdf'.
14:14:01 INFO  : 'configparams force-mem-access 1' command is executed.
14:14:01 INFO  : Context for 'APU' is selected.
14:14:01 INFO  : Sourcing of 'C:/eclipse_workspace/ATC/atc_hw/psu_init.tcl' is done.
14:14:02 ERROR : Memory read error at 0xFFCA5000. Cannot read sctlr_el3. Cannot read r0. Instruction transfer timeout
14:14:02 INFO  : ----------------XSDB Script----------------
connect -url tcp:127.0.0.1:3121
source C:/Xilinx/SDK/2018.3/scripts/sdk/util/zynqmp_utils.tcl
targets -set -nocase -filter {name =~"APU*" && jtag_cable_name =~ "Digilent JTAG-HS2 210249AFC9D1"} -index 1
loadhw -hw C:/eclipse_workspace/ATC/atc_hw/system.hdf -mem-ranges [list {0x80000000 0xbfffffff} {0x400000000 0x5ffffffff} {0x1000000000 0x7fffffffff}]
configparams force-mem-access 1
targets -set -nocase -filter {name =~"APU*" && jtag_cable_name =~ "Digilent JTAG-HS2 210249AFC9D1"} -index 1
source C:/eclipse_workspace/ATC/atc_hw/psu_init.tcl
psu_init
----------------End of Script----------------

14:14:55 INFO  : Connected to target on host '127.0.0.1' and port '3121'.
14:14:56 INFO  : Jtag cable 'Digilent JTAG-HS2 210249AFC9D1' is selected.
14:14:56 INFO  : 'jtag frequency' command is executed.
14:14:56 INFO  : Sourcing of 'C:/Xilinx/SDK/2018.3/scripts/sdk/util/zynqmp_utils.tcl' is done.
14:14:56 INFO  : Context for 'APU' is selected.
14:14:56 INFO  : Hardware design information is loaded from 'C:/eclipse_workspace/ATC/atc_hw/system.hdf'.
14:14:56 INFO  : 'configparams force-mem-access 1' command is executed.
14:14:56 INFO  : Context for 'APU' is selected.
14:14:56 INFO  : Sourcing of 'C:/eclipse_workspace/ATC/atc_hw/psu_init.tcl' is done.
14:14:57 ERROR : Memory read error at 0xFFCA5000. Cannot read sctlr_el3. Cannot read r0. Instruction transfer timeout
14:14:57 INFO  : ----------------XSDB Script----------------
connect -url tcp:127.0.0.1:3121
source C:/Xilinx/SDK/2018.3/scripts/sdk/util/zynqmp_utils.tcl
targets -set -nocase -filter {name =~"APU*" && jtag_cable_name =~ "Digilent JTAG-HS2 210249AFC9D1"} -index 1
loadhw -hw C:/eclipse_workspace/ATC/atc_hw/system.hdf -mem-ranges [list {0x80000000 0xbfffffff} {0x400000000 0x5ffffffff} {0x1000000000 0x7fffffffff}]
configparams force-mem-access 1
targets -set -nocase -filter {name =~"APU*" && jtag_cable_name =~ "Digilent JTAG-HS2 210249AFC9D1"} -index 1
source C:/eclipse_workspace/ATC/atc_hw/psu_init.tcl
psu_init
----------------End of Script----------------

14:15:05 INFO  : Connected to target on host '127.0.0.1' and port '3121'.
14:15:05 INFO  : Jtag cable 'Digilent JTAG-HS2 210249AFC9D1' is selected.
14:15:05 INFO  : 'jtag frequency' command is executed.
14:15:05 INFO  : Sourcing of 'C:/Xilinx/SDK/2018.3/scripts/sdk/util/zynqmp_utils.tcl' is done.
14:15:05 INFO  : Context for 'APU' is selected.
14:15:05 INFO  : Hardware design information is loaded from 'C:/eclipse_workspace/ATC/atc_hw/system.hdf'.
14:15:05 INFO  : 'configparams force-mem-access 1' command is executed.
14:15:05 INFO  : Context for 'APU' is selected.
14:15:05 INFO  : Sourcing of 'C:/eclipse_workspace/ATC/atc_hw/psu_init.tcl' is done.
14:15:06 ERROR : Memory read error at 0xFFCA5000. Cannot read sctlr_el3. Cannot read r0. Instruction transfer timeout
14:15:06 INFO  : ----------------XSDB Script----------------
connect -url tcp:127.0.0.1:3121
source C:/Xilinx/SDK/2018.3/scripts/sdk/util/zynqmp_utils.tcl
targets -set -nocase -filter {name =~"APU*" && jtag_cable_name =~ "Digilent JTAG-HS2 210249AFC9D1"} -index 1
loadhw -hw C:/eclipse_workspace/ATC/atc_hw/system.hdf -mem-ranges [list {0x80000000 0xbfffffff} {0x400000000 0x5ffffffff} {0x1000000000 0x7fffffffff}]
configparams force-mem-access 1
targets -set -nocase -filter {name =~"APU*" && jtag_cable_name =~ "Digilent JTAG-HS2 210249AFC9D1"} -index 1
source C:/eclipse_workspace/ATC/atc_hw/psu_init.tcl
psu_init
----------------End of Script----------------

14:15:56 INFO  : Connected to target on host '127.0.0.1' and port '3121'.
14:15:57 INFO  : Jtag cable 'Digilent JTAG-HS2 210249AFC9D1' is selected.
14:15:57 INFO  : 'jtag frequency' command is executed.
14:15:57 INFO  : Sourcing of 'C:/Xilinx/SDK/2018.3/scripts/sdk/util/zynqmp_utils.tcl' is done.
14:15:57 INFO  : Context for 'APU' is selected.
14:15:57 INFO  : Hardware design information is loaded from 'C:/eclipse_workspace/ATC/atc_hw/system.hdf'.
14:15:57 INFO  : 'configparams force-mem-access 1' command is executed.
14:15:57 INFO  : Context for 'APU' is selected.
14:15:57 INFO  : Sourcing of 'C:/eclipse_workspace/ATC/atc_hw/psu_init.tcl' is done.
14:15:58 ERROR : Memory read error at 0xFFCA5000. Cannot read sctlr_el3. Cannot read r0. Instruction transfer timeout
14:15:58 INFO  : ----------------XSDB Script----------------
connect -url tcp:127.0.0.1:3121
source C:/Xilinx/SDK/2018.3/scripts/sdk/util/zynqmp_utils.tcl
targets -set -nocase -filter {name =~"APU*" && jtag_cable_name =~ "Digilent JTAG-HS2 210249AFC9D1"} -index 1
loadhw -hw C:/eclipse_workspace/ATC/atc_hw/system.hdf -mem-ranges [list {0x80000000 0xbfffffff} {0x400000000 0x5ffffffff} {0x1000000000 0x7fffffffff}]
configparams force-mem-access 1
targets -set -nocase -filter {name =~"APU*" && jtag_cable_name =~ "Digilent JTAG-HS2 210249AFC9D1"} -index 1
source C:/eclipse_workspace/ATC/atc_hw/psu_init.tcl
psu_init
----------------End of Script----------------

14:16:08 INFO  : Connected to target on host '127.0.0.1' and port '3121'.
14:16:08 INFO  : Jtag cable 'Digilent JTAG-HS2 210249AFC9D1' is selected.
14:16:08 INFO  : 'jtag frequency' command is executed.
14:16:08 INFO  : Sourcing of 'C:/Xilinx/SDK/2018.3/scripts/sdk/util/zynqmp_utils.tcl' is done.
14:16:08 INFO  : Context for 'APU' is selected.
14:16:08 INFO  : Hardware design information is loaded from 'C:/eclipse_workspace/ATC/atc_hw/system.hdf'.
14:16:08 INFO  : 'configparams force-mem-access 1' command is executed.
14:16:08 INFO  : Context for 'APU' is selected.
14:16:08 INFO  : Sourcing of 'C:/eclipse_workspace/ATC/atc_hw/psu_init.tcl' is done.
14:16:09 ERROR : Memory read error at 0xFFCA5000. Cannot read sctlr_el3. Cannot read r0. Instruction transfer timeout
14:16:09 INFO  : ----------------XSDB Script----------------
connect -url tcp:127.0.0.1:3121
source C:/Xilinx/SDK/2018.3/scripts/sdk/util/zynqmp_utils.tcl
targets -set -nocase -filter {name =~"APU*" && jtag_cable_name =~ "Digilent JTAG-HS2 210249AFC9D1"} -index 1
loadhw -hw C:/eclipse_workspace/ATC/atc_hw/system.hdf -mem-ranges [list {0x80000000 0xbfffffff} {0x400000000 0x5ffffffff} {0x1000000000 0x7fffffffff}]
configparams force-mem-access 1
targets -set -nocase -filter {name =~"APU*" && jtag_cable_name =~ "Digilent JTAG-HS2 210249AFC9D1"} -index 1
source C:/eclipse_workspace/ATC/atc_hw/psu_init.tcl
psu_init
----------------End of Script----------------

14:19:40 INFO  : Connected to target on host '127.0.0.1' and port '3121'.
14:19:41 INFO  : Jtag cable 'Digilent JTAG-HS2 210249AFC9D1' is selected.
14:19:41 INFO  : 'jtag frequency' command is executed.
14:19:41 INFO  : Sourcing of 'C:/Xilinx/SDK/2018.3/scripts/sdk/util/zynqmp_utils.tcl' is done.
14:19:41 INFO  : Context for 'APU' is selected.
14:19:41 INFO  : Hardware design information is loaded from 'C:/eclipse_workspace/ATC/atc_hw/system.hdf'.
14:19:41 INFO  : 'configparams force-mem-access 1' command is executed.
14:19:41 INFO  : Context for 'APU' is selected.
14:19:41 INFO  : Sourcing of 'C:/eclipse_workspace/ATC/atc_hw/psu_init.tcl' is done.
14:19:42 ERROR : Memory read error at 0xFFCA5000. Cannot read sctlr_el3. Cannot read r0. Instruction transfer timeout
14:19:42 INFO  : ----------------XSDB Script----------------
connect -url tcp:127.0.0.1:3121
source C:/Xilinx/SDK/2018.3/scripts/sdk/util/zynqmp_utils.tcl
targets -set -nocase -filter {name =~"APU*" && jtag_cable_name =~ "Digilent JTAG-HS2 210249AFC9D1"} -index 1
loadhw -hw C:/eclipse_workspace/ATC/atc_hw/system.hdf -mem-ranges [list {0x80000000 0xbfffffff} {0x400000000 0x5ffffffff} {0x1000000000 0x7fffffffff}]
configparams force-mem-access 1
targets -set -nocase -filter {name =~"APU*" && jtag_cable_name =~ "Digilent JTAG-HS2 210249AFC9D1"} -index 1
source C:/eclipse_workspace/ATC/atc_hw/psu_init.tcl
psu_init
----------------End of Script----------------

14:22:39 INFO  : Connected to target on host '127.0.0.1' and port '3121'.
14:22:40 INFO  : Jtag cable 'Digilent JTAG-HS2 210249AFC9D1' is selected.
14:22:40 INFO  : 'jtag frequency' command is executed.
14:22:40 INFO  : Sourcing of 'C:/Xilinx/SDK/2018.3/scripts/sdk/util/zynqmp_utils.tcl' is done.
14:22:40 INFO  : Context for 'APU' is selected.
14:22:40 INFO  : Hardware design information is loaded from 'C:/eclipse_workspace/ATC/atc_hw/system.hdf'.
14:22:40 INFO  : 'configparams force-mem-access 1' command is executed.
14:22:40 INFO  : Context for 'APU' is selected.
14:22:40 INFO  : Sourcing of 'C:/eclipse_workspace/ATC/atc_hw/psu_init.tcl' is done.
14:22:41 ERROR : Memory read error at 0xFFCA5000. Cannot read sctlr_el3. Cannot read r0. Instruction transfer timeout
14:22:41 INFO  : ----------------XSDB Script----------------
connect -url tcp:127.0.0.1:3121
source C:/Xilinx/SDK/2018.3/scripts/sdk/util/zynqmp_utils.tcl
targets -set -nocase -filter {name =~"APU*" && jtag_cable_name =~ "Digilent JTAG-HS2 210249AFC9D1"} -index 1
loadhw -hw C:/eclipse_workspace/ATC/atc_hw/system.hdf -mem-ranges [list {0x80000000 0xbfffffff} {0x400000000 0x5ffffffff} {0x1000000000 0x7fffffffff}]
configparams force-mem-access 1
targets -set -nocase -filter {name =~"APU*" && jtag_cable_name =~ "Digilent JTAG-HS2 210249AFC9D1"} -index 1
source C:/eclipse_workspace/ATC/atc_hw/psu_init.tcl
psu_init
----------------End of Script----------------

14:22:51 INFO  : Connected to target on host '127.0.0.1' and port '3121'.
14:23:04 INFO  : Connected to target on host '127.0.0.1' and port '3121'.
14:23:04 INFO  : 'targets -set -filter {jtag_cable_name =~ "Digilent JTAG-HS2 210249AFC9D1" && level==0} -index 0' command is executed.
14:23:13 ERROR : fpga configuration failed. DONE PIN is not HIGH
14:23:49 INFO  : Connected to target on host '127.0.0.1' and port '3121'.
14:24:05 INFO  : Connected to target on host '127.0.0.1' and port '3121'.
14:24:05 INFO  : 'targets -set -filter {jtag_cable_name =~ "Digilent JTAG-HS2 210249AFC9D1" && level==0} -index 0' command is executed.
14:24:11 INFO  : FPGA configured successfully with bitstream "C:/eclipse_workspace/ATC/atc_hw/noh_system_BD_wrapper.bit"
14:25:27 INFO  : Connected to target on host '127.0.0.1' and port '3121'.
14:25:27 INFO  : Jtag cable 'Digilent JTAG-HS2 210249AFC9D1' is selected.
14:25:27 INFO  : 'jtag frequency' command is executed.
14:25:27 INFO  : Sourcing of 'C:/Xilinx/SDK/2018.3/scripts/sdk/util/zynqmp_utils.tcl' is done.
14:25:27 INFO  : Context for 'APU' is selected.
14:25:27 INFO  : Hardware design information is loaded from 'C:/eclipse_workspace/ATC/atc_hw/system.hdf'.
14:25:27 INFO  : 'configparams force-mem-access 1' command is executed.
14:25:28 INFO  : Context for 'APU' is selected.
14:25:28 INFO  : Sourcing of 'C:/eclipse_workspace/ATC/atc_hw/psu_init.tcl' is done.
14:25:28 INFO  : 'psu_init' command is executed.
14:25:29 INFO  : 'after 1000' command is executed.
14:25:29 INFO  : 'psu_ps_pl_isolation_removal' command is executed.
14:25:30 INFO  : 'after 1000' command is executed.
14:25:30 INFO  : 'psu_ps_pl_reset_config' command is executed.
14:25:30 INFO  : 'catch {psu_protection}' command is executed.
14:25:30 INFO  : Context for processor 'psu_cortexa53_0' is selected.
14:25:31 INFO  : Processor reset is completed for 'psu_cortexa53_0'.
14:25:31 INFO  : The application 'C:/eclipse_workspace/ATC/test_app/Debug/test_app.elf' is downloaded to processor 'psu_cortexa53_0'.
14:25:31 INFO  : 'configparams force-mem-access 0' command is executed.
14:25:31 INFO  : ----------------XSDB Script----------------
connect -url tcp:127.0.0.1:3121
source C:/Xilinx/SDK/2018.3/scripts/sdk/util/zynqmp_utils.tcl
targets -set -nocase -filter {name =~"APU*" && jtag_cable_name =~ "Digilent JTAG-HS2 210249AFC9D1"} -index 1
loadhw -hw C:/eclipse_workspace/ATC/atc_hw/system.hdf -mem-ranges [list {0x80000000 0xbfffffff} {0x400000000 0x5ffffffff} {0x1000000000 0x7fffffffff}]
configparams force-mem-access 1
targets -set -nocase -filter {name =~"APU*" && jtag_cable_name =~ "Digilent JTAG-HS2 210249AFC9D1"} -index 1
source C:/eclipse_workspace/ATC/atc_hw/psu_init.tcl
psu_init
after 1000
psu_ps_pl_isolation_removal
after 1000
psu_ps_pl_reset_config
catch {psu_protection}
targets -set -nocase -filter {name =~"*A53*0" && jtag_cable_name =~ "Digilent JTAG-HS2 210249AFC9D1"} -index 1
rst -processor
dow C:/eclipse_workspace/ATC/test_app/Debug/test_app.elf
configparams force-mem-access 0
----------------End of Script----------------

14:25:31 INFO  : Context for processor 'psu_cortexa53_0' is selected.
14:25:31 INFO  : 'con' command is executed.
14:25:31 INFO  : ----------------XSDB Script (After Launch)----------------
targets -set -nocase -filter {name =~"*A53*0" && jtag_cable_name =~ "Digilent JTAG-HS2 210249AFC9D1"} -index 1
con
----------------End of Script----------------

14:25:31 INFO  : Launch script is exported to file 'C:\eclipse_workspace\ATC\.sdk\launch_scripts\xilinx_c-c++_application_(system_debugger)\system_debugger_using_debug_test_app.elf_on_local.tcl'
15:02:20 INFO  : Connected to target on host '127.0.0.1' and port '3121'.
15:02:20 INFO  : Jtag cable 'Digilent JTAG-HS2 210249AFC9D1' is selected.
15:02:20 INFO  : 'jtag frequency' command is executed.
15:02:20 INFO  : Sourcing of 'C:/Xilinx/SDK/2018.3/scripts/sdk/util/zynqmp_utils.tcl' is done.
15:02:20 INFO  : Context for 'APU' is selected.
15:02:20 INFO  : Hardware design information is loaded from 'C:/eclipse_workspace/ATC/atc_hw/system.hdf'.
15:02:20 INFO  : 'configparams force-mem-access 1' command is executed.
15:02:20 INFO  : Context for 'APU' is selected.
15:02:20 INFO  : Sourcing of 'C:/eclipse_workspace/ATC/atc_hw/psu_init.tcl' is done.
15:02:21 INFO  : 'psu_init' command is executed.
15:02:22 INFO  : 'after 1000' command is executed.
15:02:22 INFO  : 'psu_ps_pl_isolation_removal' command is executed.
15:02:23 INFO  : 'after 1000' command is executed.
15:02:23 INFO  : 'psu_ps_pl_reset_config' command is executed.
15:02:23 INFO  : 'catch {psu_protection}' command is executed.
15:02:23 INFO  : Context for processor 'psu_cortexa53_0' is selected.
15:02:23 INFO  : Processor reset is completed for 'psu_cortexa53_0'.
15:02:24 ERROR : Memory write error at 0x0. Cannot read sctlr_el3. Cannot read r0. Instruction transfer timeout
15:02:24 INFO  : ----------------XSDB Script----------------
connect -url tcp:127.0.0.1:3121
source C:/Xilinx/SDK/2018.3/scripts/sdk/util/zynqmp_utils.tcl
targets -set -nocase -filter {name =~"APU*" && jtag_cable_name =~ "Digilent JTAG-HS2 210249AFC9D1"} -index 1
loadhw -hw C:/eclipse_workspace/ATC/atc_hw/system.hdf -mem-ranges [list {0x80000000 0xbfffffff} {0x400000000 0x5ffffffff} {0x1000000000 0x7fffffffff}]
configparams force-mem-access 1
targets -set -nocase -filter {name =~"APU*" && jtag_cable_name =~ "Digilent JTAG-HS2 210249AFC9D1"} -index 1
source C:/eclipse_workspace/ATC/atc_hw/psu_init.tcl
psu_init
after 1000
psu_ps_pl_isolation_removal
after 1000
psu_ps_pl_reset_config
catch {psu_protection}
targets -set -nocase -filter {name =~"*A53*0" && jtag_cable_name =~ "Digilent JTAG-HS2 210249AFC9D1"} -index 1
rst -processor
dow C:/eclipse_workspace/ATC/test_app/Debug/test_app.elf
----------------End of Script----------------

15:02:38 INFO  : Connected to target on host '127.0.0.1' and port '3121'.
15:02:38 INFO  : Jtag cable 'Digilent JTAG-HS2 210249AFC9D1' is selected.
15:02:38 INFO  : 'jtag frequency' command is executed.
15:02:38 INFO  : Sourcing of 'C:/Xilinx/SDK/2018.3/scripts/sdk/util/zynqmp_utils.tcl' is done.
15:02:38 INFO  : Context for 'APU' is selected.
15:02:38 INFO  : Hardware design information is loaded from 'C:/eclipse_workspace/ATC/atc_hw/system.hdf'.
15:02:38 INFO  : 'configparams force-mem-access 1' command is executed.
15:02:38 INFO  : Context for 'APU' is selected.
15:02:38 INFO  : Sourcing of 'C:/eclipse_workspace/ATC/atc_hw/psu_init.tcl' is done.
15:02:39 ERROR : Memory read error at 0xFFCA5000. Cannot read sctlr_el3. Cannot read r0. Instruction transfer timeout
15:02:39 INFO  : ----------------XSDB Script----------------
connect -url tcp:127.0.0.1:3121
source C:/Xilinx/SDK/2018.3/scripts/sdk/util/zynqmp_utils.tcl
targets -set -nocase -filter {name =~"APU*" && jtag_cable_name =~ "Digilent JTAG-HS2 210249AFC9D1"} -index 1
loadhw -hw C:/eclipse_workspace/ATC/atc_hw/system.hdf -mem-ranges [list {0x80000000 0xbfffffff} {0x400000000 0x5ffffffff} {0x1000000000 0x7fffffffff}]
configparams force-mem-access 1
targets -set -nocase -filter {name =~"APU*" && jtag_cable_name =~ "Digilent JTAG-HS2 210249AFC9D1"} -index 1
source C:/eclipse_workspace/ATC/atc_hw/psu_init.tcl
psu_init
----------------End of Script----------------

15:02:45 INFO  : Connected to target on host '127.0.0.1' and port '3121'.
15:02:45 INFO  : 'targets -set -filter {jtag_cable_name =~ "Digilent JTAG-HS2 210249AFC9D1" && level==0} -index 0' command is executed.
15:02:53 ERROR : fpga configuration failed. DONE PIN is not HIGH
15:02:58 INFO  : Disconnected from the channel tcfchan#1.
15:03:38 INFO  : Registering command handlers for SDK TCF services
15:03:39 INFO  : Launching XSCT server: xsct.bat -interactive C:\eclipse_workspace\ATC\temp_xsdb_launch_script.tcl
15:03:42 INFO  : XSCT server has started successfully.
15:03:42 INFO  : Successfully done setting XSCT server connection channel  
15:03:43 INFO  : Successfully done setting SDK workspace  
15:03:58 INFO  : Connected to target on host '127.0.0.1' and port '3121'.
15:04:13 INFO  : Connected to target on host '127.0.0.1' and port '3121'.
15:04:14 INFO  : 'targets -set -filter {jtag_cable_name =~ "Digilent JTAG-HS2 210249AFC9D1" && level==0} -index 0' command is executed.
15:04:20 INFO  : FPGA configured successfully with bitstream "C:/eclipse_workspace/ATC/atc_hw/noh_system_BD_wrapper.bit"
15:04:30 INFO  : Connected to target on host '127.0.0.1' and port '3121'.
15:04:31 INFO  : Jtag cable 'Digilent JTAG-HS2 210249AFC9D1' is selected.
15:04:31 INFO  : 'jtag frequency' command is executed.
15:04:31 INFO  : Sourcing of 'C:/Xilinx/SDK/2018.3/scripts/sdk/util/zynqmp_utils.tcl' is done.
15:04:31 INFO  : Context for 'APU' is selected.
15:04:31 INFO  : Hardware design information is loaded from 'C:/eclipse_workspace/ATC/atc_hw/system.hdf'.
15:04:31 INFO  : 'configparams force-mem-access 1' command is executed.
15:04:31 INFO  : Context for 'APU' is selected.
15:04:31 INFO  : Sourcing of 'C:/eclipse_workspace/ATC/atc_hw/psu_init.tcl' is done.
15:04:32 INFO  : 'psu_init' command is executed.
15:04:33 INFO  : 'after 1000' command is executed.
15:04:33 INFO  : 'psu_ps_pl_isolation_removal' command is executed.
15:04:34 INFO  : 'after 1000' command is executed.
15:04:34 INFO  : 'psu_ps_pl_reset_config' command is executed.
15:04:34 INFO  : 'catch {psu_protection}' command is executed.
15:04:34 INFO  : Context for processor 'psu_cortexa53_0' is selected.
15:04:34 INFO  : Processor reset is completed for 'psu_cortexa53_0'.
15:04:35 INFO  : The application 'C:/eclipse_workspace/ATC/test_app/Debug/test_app.elf' is downloaded to processor 'psu_cortexa53_0'.
15:04:35 INFO  : 'configparams force-mem-access 0' command is executed.
15:04:35 INFO  : ----------------XSDB Script----------------
connect -url tcp:127.0.0.1:3121
source C:/Xilinx/SDK/2018.3/scripts/sdk/util/zynqmp_utils.tcl
targets -set -nocase -filter {name =~"APU*" && jtag_cable_name =~ "Digilent JTAG-HS2 210249AFC9D1"} -index 1
loadhw -hw C:/eclipse_workspace/ATC/atc_hw/system.hdf -mem-ranges [list {0x80000000 0xbfffffff} {0x400000000 0x5ffffffff} {0x1000000000 0x7fffffffff}]
configparams force-mem-access 1
targets -set -nocase -filter {name =~"APU*" && jtag_cable_name =~ "Digilent JTAG-HS2 210249AFC9D1"} -index 1
source C:/eclipse_workspace/ATC/atc_hw/psu_init.tcl
psu_init
after 1000
psu_ps_pl_isolation_removal
after 1000
psu_ps_pl_reset_config
catch {psu_protection}
targets -set -nocase -filter {name =~"*A53*0" && jtag_cable_name =~ "Digilent JTAG-HS2 210249AFC9D1"} -index 1
rst -processor
dow C:/eclipse_workspace/ATC/test_app/Debug/test_app.elf
configparams force-mem-access 0
----------------End of Script----------------

15:04:35 INFO  : Context for processor 'psu_cortexa53_0' is selected.
15:04:35 INFO  : 'con' command is executed.
15:04:35 INFO  : ----------------XSDB Script (After Launch)----------------
targets -set -nocase -filter {name =~"*A53*0" && jtag_cable_name =~ "Digilent JTAG-HS2 210249AFC9D1"} -index 1
con
----------------End of Script----------------

15:04:35 INFO  : Disconnected from the channel tcfchan#1.
15:07:51 INFO  : Connected to target on host '127.0.0.1' and port '3121'.
15:08:05 INFO  : Jtag cable 'Digilent JTAG-HS2 210249AFC9D1' is selected.
15:08:05 INFO  : 'jtag frequency' command is executed.
15:08:05 INFO  : Sourcing of 'C:/Xilinx/SDK/2018.3/scripts/sdk/util/zynqmp_utils.tcl' is done.
15:08:05 INFO  : Context for 'APU' is selected.
15:08:05 INFO  : Hardware design information is loaded from 'C:/eclipse_workspace/ATC/atc_hw/system.hdf'.
15:08:05 INFO  : 'configparams force-mem-access 1' command is executed.
15:08:05 INFO  : Context for 'APU' is selected.
15:08:05 INFO  : Sourcing of 'C:/eclipse_workspace/ATC/atc_hw/psu_init.tcl' is done.
15:08:06 INFO  : 'psu_init' command is executed.
15:08:07 INFO  : 'after 1000' command is executed.
15:08:07 INFO  : 'psu_ps_pl_isolation_removal' command is executed.
15:08:08 INFO  : 'after 1000' command is executed.
15:08:08 INFO  : 'psu_ps_pl_reset_config' command is executed.
15:08:08 INFO  : 'catch {psu_protection}' command is executed.
15:08:08 INFO  : Context for processor 'psu_cortexa53_0' is selected.
15:08:08 INFO  : Processor reset is completed for 'psu_cortexa53_0'.
15:08:09 ERROR : Memory write error at 0x0. Cannot read sctlr_el3. Cannot read r0. Instruction transfer timeout
15:08:09 INFO  : ----------------XSDB Script----------------
connect -url tcp:127.0.0.1:3121
source C:/Xilinx/SDK/2018.3/scripts/sdk/util/zynqmp_utils.tcl
targets -set -nocase -filter {name =~"APU*" && jtag_cable_name =~ "Digilent JTAG-HS2 210249AFC9D1"} -index 1
loadhw -hw C:/eclipse_workspace/ATC/atc_hw/system.hdf -mem-ranges [list {0x80000000 0xbfffffff} {0x400000000 0x5ffffffff} {0x1000000000 0x7fffffffff}]
configparams force-mem-access 1
targets -set -nocase -filter {name =~"APU*" && jtag_cable_name =~ "Digilent JTAG-HS2 210249AFC9D1"} -index 1
source C:/eclipse_workspace/ATC/atc_hw/psu_init.tcl
psu_init
after 1000
psu_ps_pl_isolation_removal
after 1000
psu_ps_pl_reset_config
catch {psu_protection}
targets -set -nocase -filter {name =~"*A53*0" && jtag_cable_name =~ "Digilent JTAG-HS2 210249AFC9D1"} -index 1
rst -processor
dow C:/eclipse_workspace/ATC/test_app/Debug/test_app.elf
----------------End of Script----------------

15:08:50 INFO  : Connected to target on host '127.0.0.1' and port '3121'.
15:08:50 INFO  : 'targets -set -filter {jtag_cable_name =~ "Digilent JTAG-HS2 210249AFC9D1" && level==0} -index 0' command is executed.
15:08:58 ERROR : fpga configuration failed. DONE PIN is not HIGH
15:10:38 INFO  : Connected to target on host '127.0.0.1' and port '3121'.
15:10:38 INFO  : 'targets -set -filter {jtag_cable_name =~ "Digilent JTAG-HS2 210249AFC9D1" && level==0} -index 0' command is executed.
15:10:45 INFO  : FPGA configured successfully with bitstream "C:/eclipse_workspace/ATC/atc_hw/noh_system_BD_wrapper.bit"
15:10:59 INFO  : Connected to target on host '127.0.0.1' and port '3121'.
15:10:59 INFO  : Jtag cable 'Digilent JTAG-HS2 210249AFC9D1' is selected.
15:10:59 INFO  : 'jtag frequency' command is executed.
15:10:59 INFO  : Sourcing of 'C:/Xilinx/SDK/2018.3/scripts/sdk/util/zynqmp_utils.tcl' is done.
15:10:59 INFO  : Context for 'APU' is selected.
15:10:59 INFO  : Hardware design information is loaded from 'C:/eclipse_workspace/ATC/atc_hw/system.hdf'.
15:10:59 INFO  : 'configparams force-mem-access 1' command is executed.
15:10:59 INFO  : Context for 'APU' is selected.
15:10:59 INFO  : Sourcing of 'C:/eclipse_workspace/ATC/atc_hw/psu_init.tcl' is done.
15:11:00 INFO  : 'psu_init' command is executed.
15:11:01 INFO  : 'after 1000' command is executed.
15:11:01 INFO  : 'psu_ps_pl_isolation_removal' command is executed.
15:11:02 INFO  : 'after 1000' command is executed.
15:11:02 INFO  : 'psu_ps_pl_reset_config' command is executed.
15:11:02 INFO  : 'catch {psu_protection}' command is executed.
15:11:02 INFO  : Context for processor 'psu_cortexa53_0' is selected.
15:11:02 INFO  : Processor reset is completed for 'psu_cortexa53_0'.
15:11:03 INFO  : The application 'C:/eclipse_workspace/ATC/test_app/Debug/test_app.elf' is downloaded to processor 'psu_cortexa53_0'.
15:11:03 INFO  : 'configparams force-mem-access 0' command is executed.
15:11:03 INFO  : ----------------XSDB Script----------------
connect -url tcp:127.0.0.1:3121
source C:/Xilinx/SDK/2018.3/scripts/sdk/util/zynqmp_utils.tcl
targets -set -nocase -filter {name =~"APU*" && jtag_cable_name =~ "Digilent JTAG-HS2 210249AFC9D1"} -index 1
loadhw -hw C:/eclipse_workspace/ATC/atc_hw/system.hdf -mem-ranges [list {0x80000000 0xbfffffff} {0x400000000 0x5ffffffff} {0x1000000000 0x7fffffffff}]
configparams force-mem-access 1
targets -set -nocase -filter {name =~"APU*" && jtag_cable_name =~ "Digilent JTAG-HS2 210249AFC9D1"} -index 1
source C:/eclipse_workspace/ATC/atc_hw/psu_init.tcl
psu_init
after 1000
psu_ps_pl_isolation_removal
after 1000
psu_ps_pl_reset_config
catch {psu_protection}
targets -set -nocase -filter {name =~"*A53*0" && jtag_cable_name =~ "Digilent JTAG-HS2 210249AFC9D1"} -index 1
rst -processor
dow C:/eclipse_workspace/ATC/test_app/Debug/test_app.elf
configparams force-mem-access 0
----------------End of Script----------------

15:11:03 INFO  : Context for processor 'psu_cortexa53_0' is selected.
15:11:03 INFO  : 'con' command is executed.
15:11:03 INFO  : ----------------XSDB Script (After Launch)----------------
targets -set -nocase -filter {name =~"*A53*0" && jtag_cable_name =~ "Digilent JTAG-HS2 210249AFC9D1"} -index 1
con
----------------End of Script----------------

15:11:03 INFO  : Disconnected from the channel tcfchan#2.
